2017-10-17 22:51:29,367 INFO [org.quartz.impl.StdSchedulerFactory] - Using default implementation for ThreadExecutor
2017-10-17 22:51:29,409 INFO [org.quartz.core.SchedulerSignalerImpl] - Initialized Scheduler Signaller of type: class org.quartz.core.SchedulerSignalerImpl
2017-10-17 22:51:29,409 INFO [org.quartz.core.QuartzScheduler] - Quartz Scheduler v.2.3.0 created.
2017-10-17 22:51:29,410 INFO [org.quartz.simpl.RAMJobStore] - RAMJobStore initialized.
2017-10-17 22:51:29,410 INFO [org.quartz.core.QuartzScheduler] - Scheduler meta-data: Quartz Scheduler (v2.3.0) 'schduleFactory' with instanceId 'NON_CLUSTERED'
  Scheduler class: 'org.quartz.core.QuartzScheduler' - running locally.
  NOT STARTED.
  Currently in standby mode.
  Number of jobs executed: 0
  Using thread pool 'org.quartz.simpl.SimpleThreadPool' - with 10 threads.
  Using job-store 'org.quartz.simpl.RAMJobStore' - which does not support persistence. and is not clustered.

2017-10-17 22:51:29,411 INFO [org.quartz.impl.StdSchedulerFactory] - Quartz scheduler 'schduleFactory' initialized from an externally provided properties instance.
2017-10-17 22:51:29,411 INFO [org.quartz.impl.StdSchedulerFactory] - Quartz scheduler version: 2.3.0
2017-10-17 22:51:29,412 INFO [org.quartz.core.QuartzScheduler] - JobFactory set to: org.springframework.scheduling.quartz.AdaptableJobFactory@1a5a4e19
2017-10-17 22:51:29,464 INFO [org.quartz.core.QuartzScheduler] - Scheduler schduleFactory_$_NON_CLUSTERED started.
2017-10-17 23:19:13,811 INFO [org.quartz.impl.StdSchedulerFactory] - Using default implementation for ThreadExecutor
2017-10-17 23:19:13,823 INFO [org.quartz.core.SchedulerSignalerImpl] - Initialized Scheduler Signaller of type: class org.quartz.core.SchedulerSignalerImpl
2017-10-17 23:19:13,823 INFO [org.quartz.core.QuartzScheduler] - Quartz Scheduler v.2.3.0 created.
2017-10-17 23:19:13,824 INFO [org.quartz.simpl.RAMJobStore] - RAMJobStore initialized.
2017-10-17 23:19:13,826 INFO [org.quartz.core.QuartzScheduler] - Scheduler meta-data: Quartz Scheduler (v2.3.0) 'schduleFactory' with instanceId 'NON_CLUSTERED'
  Scheduler class: 'org.quartz.core.QuartzScheduler' - running locally.
  NOT STARTED.
  Currently in standby mode.
  Number of jobs executed: 0
  Using thread pool 'org.quartz.simpl.SimpleThreadPool' - with 10 threads.
  Using job-store 'org.quartz.simpl.RAMJobStore' - which does not support persistence. and is not clustered.

2017-10-17 23:19:13,826 INFO [org.quartz.impl.StdSchedulerFactory] - Quartz scheduler 'schduleFactory' initialized from an externally provided properties instance.
2017-10-17 23:19:13,826 INFO [org.quartz.impl.StdSchedulerFactory] - Quartz scheduler version: 2.3.0
2017-10-17 23:19:13,827 INFO [org.quartz.core.QuartzScheduler] - JobFactory set to: org.springframework.scheduling.quartz.AdaptableJobFactory@1a5a4e19
2017-10-17 23:19:13,868 INFO [org.quartz.core.QuartzScheduler] - Scheduler schduleFactory_$_NON_CLUSTERED started.
2017-10-17 23:21:09,928 INFO [org.quartz.impl.StdSchedulerFactory] - Using default implementation for ThreadExecutor
2017-10-17 23:21:09,944 INFO [org.quartz.core.SchedulerSignalerImpl] - Initialized Scheduler Signaller of type: class org.quartz.core.SchedulerSignalerImpl
2017-10-17 23:21:09,944 INFO [org.quartz.core.QuartzScheduler] - Quartz Scheduler v.2.3.0 created.
2017-10-17 23:21:09,945 INFO [org.quartz.simpl.RAMJobStore] - RAMJobStore initialized.
2017-10-17 23:21:09,948 INFO [org.quartz.core.QuartzScheduler] - Scheduler meta-data: Quartz Scheduler (v2.3.0) 'schduleFactory' with instanceId 'NON_CLUSTERED'
  Scheduler class: 'org.quartz.core.QuartzScheduler' - running locally.
  NOT STARTED.
  Currently in standby mode.
  Number of jobs executed: 0
  Using thread pool 'org.quartz.simpl.SimpleThreadPool' - with 10 threads.
  Using job-store 'org.quartz.simpl.RAMJobStore' - which does not support persistence. and is not clustered.

2017-10-17 23:21:09,949 INFO [org.quartz.impl.StdSchedulerFactory] - Quartz scheduler 'schduleFactory' initialized from an externally provided properties instance.
2017-10-17 23:21:09,949 INFO [org.quartz.impl.StdSchedulerFactory] - Quartz scheduler version: 2.3.0
2017-10-17 23:21:09,950 INFO [org.quartz.core.QuartzScheduler] - JobFactory set to: org.springframework.scheduling.quartz.AdaptableJobFactory@1a5a4e19
2017-10-17 23:21:10,004 INFO [org.quartz.core.QuartzScheduler] - Scheduler schduleFactory_$_NON_CLUSTERED started.
